2024-12-16 11:53:35.351 +0530 (,,,,,) main : INFO  com.tableau.connect.ProtocolServerMain - Protocol Server starting.
2024-12-16 11:53:35.353 +0530 (,,,,,) main : INFO  com.tableau.connect.ProtocolServerMain - Starting HeartBeatTask to check for parent exit.
2024-12-16 11:53:35.354 +0530 (,,,,,) main : INFO  com.tableau.connect.ProtocolServerMain - Running secured. Authentication will be required.
2024-12-16 11:53:35.541 +0530 (,,,,,) main : INFO  io.micrometer.core.instrument.logging.LoggingMeterRegistry - publishing metrics to logs every 5m
2024-12-16 11:53:36.890 +0530 (,,,,,) main : INFO  com.tableau.connect.grpc.GrpcProtocolServer - Grpc started, listening on 51002.
2024-12-16 11:53:36.890 +0530 (,,,,,) main : INFO  com.tableau.connect.grpc.GrpcProtocolServer - Protocol Server InetAddress HostAddress=192.168.1.83 , CanonicalHostName=DESKTOP-0NSNOP7 , HostName=DESKTOP-0NSNOP7
2024-12-16 11:53:36.894 +0530 (,,,,,) main : INFO  com.tableau.connect.grpc.GrpcProtocolServer - Wrote endpoint to file C:/Users/lenovo/AppData/Local/Temp/TableauTemp/TEMP_1jl7n56189674019bok751x6wgy9.tmp
2024-12-16 11:53:39.793 +0530 (,,,,,1) grpc-default-executor-1 : INFO  com.tableau.connect.grpc.GrpcProtocolService - Start local request 1 /constructProtocol.
2024-12-16 11:53:43.261 +0530 (,,,,,1) grpc-default-executor-1 : ERROR com.tableau.connect.util.GrpcServiceHelper - Failed in constructProtocol.
java.lang.Exception: Unable to access OData URL https://sales 
	at com.tableausoftware.odata.ODataProtocolImpl.initODataVersionAndServiceUrl(ODataProtocolImpl.java:317) ~[jdbcserver.jar:20241.0.3]
	at com.tableausoftware.odata.ODataProtocolImpl.<init>(ODataProtocolImpl.java:177) ~[jdbcserver.jar:20241.0.3]
	at com.tableau.connect.service.ProtocolPool.constructProtocol(ProtocolPool.java:50) ~[jdbcserver.jar:20241.0.3]
	at com.tableau.connect.service.ProtocolService.constructProtocol(ProtocolService.java:60) ~[jdbcserver.jar:20241.0.3]
	at com.tableau.connect.grpc.GrpcProtocolService.lambda$constructProtocol$0(GrpcProtocolService.java:57) ~[jdbcserver.jar:20241.0.3]
	at com.tableau.connect.grpc.GrpcProtocolService.wrap(GrpcProtocolService.java:281) ~[jdbcserver.jar:20241.0.3]
	at com.tableau.connect.grpc.GrpcProtocolService.constructProtocol(GrpcProtocolService.java:56) ~[jdbcserver.jar:20241.0.3]
	at com.tableau.connect.generated.ProtocolServiceGrpc$MethodHandlers.invoke(ProtocolServiceGrpc.java:1480) ~[jdbcserver.jar:20241.0.3]
	at io.grpc.stub.ServerCalls$UnaryServerCallHandler$UnaryServerCallListener.onHalfClose(ServerCalls.java:182) ~[jdbcserver.jar:20241.0.3]
	at io.grpc.PartialForwardingServerCallListener.onHalfClose(PartialForwardingServerCallListener.java:35) ~[jdbcserver.jar:20241.0.3]
	at io.grpc.ForwardingServerCallListener.onHalfClose(ForwardingServerCallListener.java:23) ~[jdbcserver.jar:20241.0.3]
	at io.grpc.ForwardingServerCallListener$SimpleForwardingServerCallListener.onHalfClose(ForwardingServerCallListener.java:40) ~[jdbcserver.jar:20241.0.3]
	at io.grpc.Contexts$ContextualizedServerCallListener.onHalfClose(Contexts.java:86) ~[jdbcserver.jar:20241.0.3]
	at io.grpc.internal.ServerCallImpl$ServerStreamListenerImpl.halfClosed(ServerCallImpl.java:354) ~[jdbcserver.jar:20241.0.3]
	at io.grpc.internal.ServerImpl$JumpToApplicationThreadServerStreamListener$1HalfClosed.runInContext(ServerImpl.java:866) ~[jdbcserver.jar:20241.0.3]
	at io.grpc.internal.ContextRunnable.run(ContextRunnable.java:37) ~[jdbcserver.jar:20241.0.3]
	at io.grpc.internal.SerializingExecutor.run(SerializingExecutor.java:133) ~[jdbcserver.jar:20241.0.3]
	at java.util.concurrent.ThreadPoolExecutor.runWorker(Unknown Source) ~[?:?]
	at java.util.concurrent.ThreadPoolExecutor$Worker.run(Unknown Source) ~[?:?]
	at java.lang.Thread.run(Unknown Source) ~[?:?]
Caused by: java.net.UnknownHostException: sales
	at java.net.AbstractPlainSocketImpl.connect(Unknown Source) ~[?:?]
	at java.net.SocksSocketImpl.connect(Unknown Source) ~[?:?]
	at java.net.Socket.connect(Unknown Source) ~[?:?]
	at sun.security.ssl.SSLSocketImpl.connect(Unknown Source) ~[?:?]
	at sun.security.ssl.BaseSSLSocketImpl.connect(Unknown Source) ~[?:?]
	at sun.net.NetworkClient.doConnect(Unknown Source) ~[?:?]
	at sun.net.www.http.HttpClient.openServer(Unknown Source) ~[?:?]
	at sun.net.www.http.HttpClient.openServer(Unknown Source) ~[?:?]
	at sun.net.www.protocol.https.HttpsClient.<init>(Unknown Source) ~[?:?]
	at sun.net.www.protocol.https.HttpsClient.New(Unknown Source) ~[?:?]
	at sun.net.www.protocol.https.AbstractDelegateHttpsURLConnection.getNewHttpClient(Unknown Source) ~[?:?]
	at sun.net.www.protocol.http.HttpURLConnection.plainConnect0(Unknown Source) ~[?:?]
	at sun.net.www.protocol.http.HttpURLConnection.plainConnect(Unknown Source) ~[?:?]
	at sun.net.www.protocol.https.AbstractDelegateHttpsURLConnection.connect(Unknown Source) ~[?:?]
	at sun.net.www.protocol.https.HttpsURLConnectionImpl.connect(Unknown Source) ~[?:?]
	at com.tableausoftware.odata.ODataProtocolImpl.initODataVersionAndServiceUrl(ODataProtocolImpl.java:315) ~[jdbcserver.jar:20241.0.3]
	... 19 more
2024-12-16 11:53:43.261 +0530 (,,,,,1) grpc-default-executor-1 : INFO  com.tableau.connect.grpc.GrpcProtocolService - End local request 1 /constructProtocol.
2024-12-16 11:56:55.847 +0530 (,,,,,) main : INFO  com.tableau.connect.ProtocolServerMain - Protocol Server starting.
2024-12-16 11:56:55.870 +0530 (,,,,,) main : INFO  com.tableau.connect.ProtocolServerMain - Starting HeartBeatTask to check for parent exit.
2024-12-16 11:56:55.872 +0530 (,,,,,) main : INFO  com.tableau.connect.ProtocolServerMain - Running secured. Authentication will be required.
2024-12-16 11:56:55.941 +0530 (,,,,,) main : INFO  io.micrometer.core.instrument.logging.LoggingMeterRegistry - publishing metrics to logs every 5m
2024-12-16 11:56:56.958 +0530 (,,,,,) main : INFO  com.tableau.connect.grpc.GrpcProtocolServer - Grpc started, listening on 51097.
2024-12-16 11:56:56.958 +0530 (,,,,,) main : INFO  com.tableau.connect.grpc.GrpcProtocolServer - Protocol Server InetAddress HostAddress=192.168.1.83 , CanonicalHostName=DESKTOP-0NSNOP7 , HostName=DESKTOP-0NSNOP7
2024-12-16 11:56:56.961 +0530 (,,,,,) main : INFO  com.tableau.connect.grpc.GrpcProtocolServer - Wrote endpoint to file C:/Users/lenovo/AppData/Local/Temp/TableauTemp/TEMP_1ftx5ew0opwjjg1gbtc481wiely3.tmp
2024-12-16 11:56:59.367 +0530 (,,,,,1) grpc-default-executor-1 : INFO  com.tableau.connect.grpc.GrpcProtocolService - Start local request 1 /constructProtocol.
2024-12-16 11:56:59.730 +0530 (,,,,,1) grpc-default-executor-1 : ERROR com.tableau.connect.util.GrpcServiceHelper - Failed in constructProtocol.
java.lang.Exception: Unable to access OData URL https://MySQL%20Server 
	at com.tableausoftware.odata.ODataProtocolImpl.initODataVersionAndServiceUrl(ODataProtocolImpl.java:317) ~[jdbcserver.jar:20241.0.3]
	at com.tableausoftware.odata.ODataProtocolImpl.<init>(ODataProtocolImpl.java:177) ~[jdbcserver.jar:20241.0.3]
	at com.tableau.connect.service.ProtocolPool.constructProtocol(ProtocolPool.java:50) ~[jdbcserver.jar:20241.0.3]
	at com.tableau.connect.service.ProtocolService.constructProtocol(ProtocolService.java:60) ~[jdbcserver.jar:20241.0.3]
	at com.tableau.connect.grpc.GrpcProtocolService.lambda$constructProtocol$0(GrpcProtocolService.java:57) ~[jdbcserver.jar:20241.0.3]
	at com.tableau.connect.grpc.GrpcProtocolService.wrap(GrpcProtocolService.java:281) ~[jdbcserver.jar:20241.0.3]
	at com.tableau.connect.grpc.GrpcProtocolService.constructProtocol(GrpcProtocolService.java:56) ~[jdbcserver.jar:20241.0.3]
	at com.tableau.connect.generated.ProtocolServiceGrpc$MethodHandlers.invoke(ProtocolServiceGrpc.java:1480) ~[jdbcserver.jar:20241.0.3]
	at io.grpc.stub.ServerCalls$UnaryServerCallHandler$UnaryServerCallListener.onHalfClose(ServerCalls.java:182) ~[jdbcserver.jar:20241.0.3]
	at io.grpc.PartialForwardingServerCallListener.onHalfClose(PartialForwardingServerCallListener.java:35) ~[jdbcserver.jar:20241.0.3]
	at io.grpc.ForwardingServerCallListener.onHalfClose(ForwardingServerCallListener.java:23) ~[jdbcserver.jar:20241.0.3]
	at io.grpc.ForwardingServerCallListener$SimpleForwardingServerCallListener.onHalfClose(ForwardingServerCallListener.java:40) ~[jdbcserver.jar:20241.0.3]
	at io.grpc.Contexts$ContextualizedServerCallListener.onHalfClose(Contexts.java:86) ~[jdbcserver.jar:20241.0.3]
	at io.grpc.internal.ServerCallImpl$ServerStreamListenerImpl.halfClosed(ServerCallImpl.java:354) ~[jdbcserver.jar:20241.0.3]
	at io.grpc.internal.ServerImpl$JumpToApplicationThreadServerStreamListener$1HalfClosed.runInContext(ServerImpl.java:866) ~[jdbcserver.jar:20241.0.3]
	at io.grpc.internal.ContextRunnable.run(ContextRunnable.java:37) ~[jdbcserver.jar:20241.0.3]
	at io.grpc.internal.SerializingExecutor.run(SerializingExecutor.java:133) ~[jdbcserver.jar:20241.0.3]
	at java.util.concurrent.ThreadPoolExecutor.runWorker(Unknown Source) ~[?:?]
	at java.util.concurrent.ThreadPoolExecutor$Worker.run(Unknown Source) ~[?:?]
	at java.lang.Thread.run(Unknown Source) ~[?:?]
Caused by: java.net.UnknownHostException: MySQL%20Server
	at java.net.AbstractPlainSocketImpl.connect(Unknown Source) ~[?:?]
	at java.net.SocksSocketImpl.connect(Unknown Source) ~[?:?]
	at java.net.Socket.connect(Unknown Source) ~[?:?]
	at sun.security.ssl.SSLSocketImpl.connect(Unknown Source) ~[?:?]
	at sun.security.ssl.BaseSSLSocketImpl.connect(Unknown Source) ~[?:?]
	at sun.net.NetworkClient.doConnect(Unknown Source) ~[?:?]
	at sun.net.www.http.HttpClient.openServer(Unknown Source) ~[?:?]
	at sun.net.www.http.HttpClient.openServer(Unknown Source) ~[?:?]
	at sun.net.www.protocol.https.HttpsClient.<init>(Unknown Source) ~[?:?]
	at sun.net.www.protocol.https.HttpsClient.New(Unknown Source) ~[?:?]
	at sun.net.www.protocol.https.AbstractDelegateHttpsURLConnection.getNewHttpClient(Unknown Source) ~[?:?]
	at sun.net.www.protocol.http.HttpURLConnection.plainConnect0(Unknown Source) ~[?:?]
	at sun.net.www.protocol.http.HttpURLConnection.plainConnect(Unknown Source) ~[?:?]
	at sun.net.www.protocol.https.AbstractDelegateHttpsURLConnection.connect(Unknown Source) ~[?:?]
	at sun.net.www.protocol.https.HttpsURLConnectionImpl.connect(Unknown Source) ~[?:?]
	at com.tableausoftware.odata.ODataProtocolImpl.initODataVersionAndServiceUrl(ODataProtocolImpl.java:315) ~[jdbcserver.jar:20241.0.3]
	... 19 more
2024-12-16 11:56:59.731 +0530 (,,,,,1) grpc-default-executor-1 : INFO  com.tableau.connect.grpc.GrpcProtocolService - End local request 1 /constructProtocol.
2024-12-16 11:57:20.117 +0530 (,,,,1,3) grpc-default-executor-1 : INFO  com.tableau.connect.grpc.GrpcProtocolService - Start local request 3 /constructProtocol.
2024-12-16 11:57:22.822 +0530 (,,,,1,3) grpc-default-executor-1 : ERROR com.tableau.connect.util.GrpcServiceHelper - Failed in constructProtocol.
java.lang.Exception: Unable to access OData URL https://sales 
	at com.tableausoftware.odata.ODataProtocolImpl.initODataVersionAndServiceUrl(ODataProtocolImpl.java:317) ~[jdbcserver.jar:20241.0.3]
	at com.tableausoftware.odata.ODataProtocolImpl.<init>(ODataProtocolImpl.java:177) ~[jdbcserver.jar:20241.0.3]
	at com.tableau.connect.service.ProtocolPool.constructProtocol(ProtocolPool.java:50) ~[jdbcserver.jar:20241.0.3]
	at com.tableau.connect.service.ProtocolService.constructProtocol(ProtocolService.java:60) ~[jdbcserver.jar:20241.0.3]
	at com.tableau.connect.grpc.GrpcProtocolService.lambda$constructProtocol$0(GrpcProtocolService.java:57) ~[jdbcserver.jar:20241.0.3]
	at com.tableau.connect.grpc.GrpcProtocolService.wrap(GrpcProtocolService.java:281) ~[jdbcserver.jar:20241.0.3]
	at com.tableau.connect.grpc.GrpcProtocolService.constructProtocol(GrpcProtocolService.java:56) ~[jdbcserver.jar:20241.0.3]
	at com.tableau.connect.generated.ProtocolServiceGrpc$MethodHandlers.invoke(ProtocolServiceGrpc.java:1480) ~[jdbcserver.jar:20241.0.3]
	at io.grpc.stub.ServerCalls$UnaryServerCallHandler$UnaryServerCallListener.onHalfClose(ServerCalls.java:182) ~[jdbcserver.jar:20241.0.3]
	at io.grpc.PartialForwardingServerCallListener.onHalfClose(PartialForwardingServerCallListener.java:35) ~[jdbcserver.jar:20241.0.3]
	at io.grpc.ForwardingServerCallListener.onHalfClose(ForwardingServerCallListener.java:23) ~[jdbcserver.jar:20241.0.3]
	at io.grpc.ForwardingServerCallListener$SimpleForwardingServerCallListener.onHalfClose(ForwardingServerCallListener.java:40) ~[jdbcserver.jar:20241.0.3]
	at io.grpc.Contexts$ContextualizedServerCallListener.onHalfClose(Contexts.java:86) ~[jdbcserver.jar:20241.0.3]
	at io.grpc.internal.ServerCallImpl$ServerStreamListenerImpl.halfClosed(ServerCallImpl.java:354) ~[jdbcserver.jar:20241.0.3]
	at io.grpc.internal.ServerImpl$JumpToApplicationThreadServerStreamListener$1HalfClosed.runInContext(ServerImpl.java:866) ~[jdbcserver.jar:20241.0.3]
	at io.grpc.internal.ContextRunnable.run(ContextRunnable.java:37) ~[jdbcserver.jar:20241.0.3]
	at io.grpc.internal.SerializingExecutor.run(SerializingExecutor.java:133) ~[jdbcserver.jar:20241.0.3]
	at java.util.concurrent.ThreadPoolExecutor.runWorker(Unknown Source) ~[?:?]
	at java.util.concurrent.ThreadPoolExecutor$Worker.run(Unknown Source) ~[?:?]
	at java.lang.Thread.run(Unknown Source) ~[?:?]
Caused by: java.net.UnknownHostException: sales
	at java.net.AbstractPlainSocketImpl.connect(Unknown Source) ~[?:?]
	at java.net.SocksSocketImpl.connect(Unknown Source) ~[?:?]
	at java.net.Socket.connect(Unknown Source) ~[?:?]
	at sun.security.ssl.SSLSocketImpl.connect(Unknown Source) ~[?:?]
	at sun.security.ssl.BaseSSLSocketImpl.connect(Unknown Source) ~[?:?]
	at sun.net.NetworkClient.doConnect(Unknown Source) ~[?:?]
	at sun.net.www.http.HttpClient.openServer(Unknown Source) ~[?:?]
	at sun.net.www.http.HttpClient.openServer(Unknown Source) ~[?:?]
	at sun.net.www.protocol.https.HttpsClient.<init>(Unknown Source) ~[?:?]
	at sun.net.www.protocol.https.HttpsClient.New(Unknown Source) ~[?:?]
	at sun.net.www.protocol.https.AbstractDelegateHttpsURLConnection.getNewHttpClient(Unknown Source) ~[?:?]
	at sun.net.www.protocol.http.HttpURLConnection.plainConnect0(Unknown Source) ~[?:?]
	at sun.net.www.protocol.http.HttpURLConnection.plainConnect(Unknown Source) ~[?:?]
	at sun.net.www.protocol.https.AbstractDelegateHttpsURLConnection.connect(Unknown Source) ~[?:?]
	at sun.net.www.protocol.https.HttpsURLConnectionImpl.connect(Unknown Source) ~[?:?]
	at com.tableausoftware.odata.ODataProtocolImpl.initODataVersionAndServiceUrl(ODataProtocolImpl.java:315) ~[jdbcserver.jar:20241.0.3]
	... 19 more
2024-12-16 11:57:22.823 +0530 (,,,,1,3) grpc-default-executor-1 : INFO  com.tableau.connect.grpc.GrpcProtocolService - End local request 3 /constructProtocol.
